<?xml version="1.0" encoding="UTF-8"?>
<coverage generated="1776877574482" clover="3.2.0">
  <project timestamp="1776877574482" name="All files">
    <metrics statements="37" coveredstatements="37" conditionals="31" coveredconditionals="18" methods="13" coveredmethods="13" elements="81" coveredelements="68" complexity="0" loc="37" ncloc="37" packages="1" files="1" classes="1"/>
    <file name="vacationService.js" path="C:\Users\sergi\Proyectos\ppp_grupo3\src\database\vacationService.js">
      <metrics statements="37" coveredstatements="37" conditionals="31" coveredconditionals="18" methods="13" coveredmethods="13"/>
      <line num="5" count="1" type="stmt"/>
      <line num="11" count="1" type="cond" truecount="1" falsecount="1"/>
      <line num="12" count="1" type="stmt"/>
      <line num="16" count="1" type="stmt"/>
      <line num="27" count="1" type="cond" truecount="1" falsecount="1"/>
      <line num="29" count="1" type="stmt"/>
      <line num="37" count="1" type="stmt"/>
      <line num="48" count="1" type="cond" truecount="1" falsecount="1"/>
      <line num="50" count="1" type="stmt"/>
      <line num="57" count="1" type="stmt"/>
      <line num="58" count="1" type="stmt"/>
      <line num="67" count="1" type="cond" truecount="1" falsecount="1"/>
      <line num="68" count="1" type="stmt"/>
      <line num="72" count="2" type="stmt"/>
      <line num="75" count="2" type="stmt"/>
      <line num="81" count="2" type="cond" truecount="3" falsecount="1"/>
      <line num="83" count="2" type="cond" truecount="2" falsecount="0"/>
      <line num="84" count="1" type="stmt"/>
      <line num="87" count="1" type="stmt"/>
      <line num="93" count="1" type="cond" truecount="1" falsecount="1"/>
      <line num="94" count="1" type="stmt"/>
      <line num="100" count="1" type="stmt"/>
      <line num="106" count="1" type="cond" truecount="1" falsecount="1"/>
      <line num="107" count="1" type="stmt"/>
      <line num="111" count="2" type="stmt"/>
      <line num="115" count="2" type="cond" truecount="2" falsecount="0"/>
      <line num="116" count="1" type="stmt"/>
      <line num="122" count="1" type="stmt"/>
      <line num="130" count="1" type="cond" truecount="1" falsecount="1"/>
      <line num="136" count="1" type="cond" truecount="1" falsecount="1"/>
      <line num="137" count="1" type="stmt"/>
      <line num="141" count="1" type="cond" truecount="1" falsecount="1"/>
      <line num="142" count="1" type="stmt"/>
      <line num="148" count="1" type="stmt"/>
      <line num="156" count="1" type="cond" truecount="1" falsecount="1"/>
      <line num="161" count="1" type="stmt"/>
      <line num="166" count="1" type="cond" truecount="1" falsecount="1"/>
    </file>
  </project>
</coverage>
