{"C:\\Users\\sergi\\Proyectos\\ppp_grupo3\\src\\database\\vacationService.js": {"path":"C:\\Users\\sergi\\Proyectos\\ppp_grupo3\\src\\database\\vacationService.js","statementMap":{"0":{"start":{"line":5,"column":26},"end":{"line":9,"column":48}},"1":{"start":{"line":11,"column":2},"end":{"line":11,"column":25}},"2":{"start":{"line":11,"column":13},"end":{"line":11,"column":25}},"3":{"start":{"line":12,"column":2},"end":{"line":12,"column":14}},"4":{"start":{"line":16,"column":26},"end":{"line":25,"column":48}},"5":{"start":{"line":27,"column":2},"end":{"line":27,"column":25}},"6":{"start":{"line":27,"column":13},"end":{"line":27,"column":25}},"7":{"start":{"line":29,"column":2},"end":{"line":33,"column":6}},"8":{"start":{"line":29,"column":24},"end":{"line":33,"column":3}},"9":{"start":{"line":37,"column":26},"end":{"line":46,"column":47}},"10":{"start":{"line":48,"column":2},"end":{"line":48,"column":25}},"11":{"start":{"line":48,"column":13},"end":{"line":48,"column":25}},"12":{"start":{"line":50,"column":2},"end":{"line":53,"column":6}},"13":{"start":{"line":50,"column":24},"end":{"line":53,"column":3}},"14":{"start":{"line":57,"column":16},"end":{"line":57,"column":54}},"15":{"start":{"line":58,"column":26},"end":{"line":65,"column":13}},"16":{"start":{"line":67,"column":2},"end":{"line":67,"column":25}},"17":{"start":{"line":67,"column":13},"end":{"line":67,"column":25}},"18":{"start":{"line":68,"column":2},"end":{"line":68,"column":14}},"19":{"start":{"line":72,"column":15},"end":{"line":72,"column":85}},"20":{"start":{"line":75,"column":41},"end":{"line":79,"column":13}},"21":{"start":{"line":81,"column":2},"end":{"line":81,"column":66}},"22":{"start":{"line":81,"column":24},"end":{"line":81,"column":66}},"23":{"start":{"line":83,"column":2},"end":{"line":85,"column":3}},"24":{"start":{"line":84,"column":4},"end":{"line":84,"column":112}},"25":{"start":{"line":87,"column":26},"end":{"line":91,"column":13}},"26":{"start":{"line":93,"column":2},"end":{"line":93,"column":25}},"27":{"start":{"line":93,"column":13},"end":{"line":93,"column":25}},"28":{"start":{"line":94,"column":2},"end":{"line":94,"column":17}},"29":{"start":{"line":100,"column":26},"end":{"line":104,"column":4}},"30":{"start":{"line":106,"column":2},"end":{"line":106,"column":25}},"31":{"start":{"line":106,"column":13},"end":{"line":106,"column":25}},"32":{"start":{"line":107,"column":2},"end":{"line":107,"column":14}},"33":{"start":{"line":111,"column":26},"end":{"line":113,"column":4}},"34":{"start":{"line":115,"column":2},"end":{"line":115,"column":25}},"35":{"start":{"line":115,"column":13},"end":{"line":115,"column":25}},"36":{"start":{"line":116,"column":2},"end":{"line":116,"column":14}},"37":{"start":{"line":122,"column":20},"end":{"line":128,"column":25}},"38":{"start":{"line":130,"column":2},"end":{"line":130,"column":25}},"39":{"start":{"line":130,"column":13},"end":{"line":130,"column":25}},"40":{"start":{"line":136,"column":21},"end":{"line":136,"column":75}},"41":{"start":{"line":137,"column":26},"end":{"line":139,"column":4}},"42":{"start":{"line":141,"column":2},"end":{"line":141,"column":25}},"43":{"start":{"line":141,"column":13},"end":{"line":141,"column":25}},"44":{"start":{"line":142,"column":2},"end":{"line":142,"column":14}},"45":{"start":{"line":148,"column":35},"end":{"line":154,"column":25}},"46":{"start":{"line":156,"column":2},"end":{"line":156,"column":41}},"47":{"start":{"line":156,"column":21},"end":{"line":156,"column":41}},"48":{"start":{"line":161,"column":20},"end":{"line":164,"column":25}},"49":{"start":{"line":166,"column":2},"end":{"line":166,"column":25}},"50":{"start":{"line":166,"column":13},"end":{"line":166,"column":25}}},"fnMap":{"0":{"name":"getVacationsByEmployee","decl":{"start":{"line":4,"column":22},"end":{"line":4,"column":44}},"loc":{"start":{"line":4,"column":57},"end":{"line":13,"column":1}},"line":4},"1":{"name":"getAllVacations","decl":{"start":{"line":15,"column":22},"end":{"line":15,"column":37}},"loc":{"start":{"line":15,"column":40},"end":{"line":34,"column":1}},"line":15},"2":{"name":"(anonymous_2)","decl":{"start":{"line":29,"column":18},"end":{"line":29,"column":19}},"loc":{"start":{"line":29,"column":24},"end":{"line":33,"column":3}},"line":29},"3":{"name":"getAllPendingVacations","decl":{"start":{"line":36,"column":22},"end":{"line":36,"column":44}},"loc":{"start":{"line":36,"column":47},"end":{"line":54,"column":1}},"line":36},"4":{"name":"(anonymous_4)","decl":{"start":{"line":50,"column":18},"end":{"line":50,"column":19}},"loc":{"start":{"line":50,"column":24},"end":{"line":53,"column":3}},"line":50},"5":{"name":"getUpcomingVacationsForEmployee","decl":{"start":{"line":56,"column":22},"end":{"line":56,"column":53}},"loc":{"start":{"line":56,"column":66},"end":{"line":69,"column":1}},"line":56},"6":{"name":"requestVacation","decl":{"start":{"line":71,"column":22},"end":{"line":71,"column":37}},"loc":{"start":{"line":71,"column":92},"end":{"line":95,"column":1}},"line":71},"7":{"name":"editRequestVacation","decl":{"start":{"line":99,"column":22},"end":{"line":99,"column":41}},"loc":{"start":{"line":99,"column":81},"end":{"line":108,"column":1}},"line":99},"8":{"name":"approveVacation","decl":{"start":{"line":110,"column":22},"end":{"line":110,"column":37}},"loc":{"start":{"line":110,"column":50},"end":{"line":117,"column":1}},"line":110},"9":{"name":"rejectVacation","decl":{"start":{"line":121,"column":22},"end":{"line":121,"column":36}},"loc":{"start":{"line":121,"column":49},"end":{"line":131,"column":1}},"line":121},"10":{"name":"cancelVacation","decl":{"start":{"line":135,"column":22},"end":{"line":135,"column":36}},"loc":{"start":{"line":135,"column":47},"end":{"line":143,"column":1}},"line":135},"11":{"name":"reactiveVacation","decl":{"start":{"line":146,"column":22},"end":{"line":146,"column":38}},"loc":{"start":{"line":146,"column":51},"end":{"line":157,"column":1}},"line":146},"12":{"name":"deleteVacation","decl":{"start":{"line":160,"column":22},"end":{"line":160,"column":36}},"loc":{"start":{"line":160,"column":49},"end":{"line":167,"column":1}},"line":160}},"branchMap":{"0":{"loc":{"start":{"line":11,"column":2},"end":{"line":11,"column":25}},"type":"if","locations":[{"start":{"line":11,"column":2},"end":{"line":11,"column":25}},{"start":{},"end":{}}],"line":11},"1":{"loc":{"start":{"line":27,"column":2},"end":{"line":27,"column":25}},"type":"if","locations":[{"start":{"line":27,"column":2},"end":{"line":27,"column":25}},{"start":{},"end":{}}],"line":27},"2":{"loc":{"start":{"line":48,"column":2},"end":{"line":48,"column":25}},"type":"if","locations":[{"start":{"line":48,"column":2},"end":{"line":48,"column":25}},{"start":{},"end":{}}],"line":48},"3":{"loc":{"start":{"line":67,"column":2},"end":{"line":67,"column":25}},"type":"if","locations":[{"start":{"line":67,"column":2},"end":{"line":67,"column":25}},{"start":{},"end":{}}],"line":67},"4":{"loc":{"start":{"line":71,"column":75},"end":{"line":71,"column":88}},"type":"default-arg","locations":[{"start":{"line":71,"column":84},"end":{"line":71,"column":88}}],"line":71},"5":{"loc":{"start":{"line":81,"column":2},"end":{"line":81,"column":66}},"type":"if","locations":[{"start":{"line":81,"column":2},"end":{"line":81,"column":66}},{"start":{},"end":{}}],"line":81},"6":{"loc":{"start":{"line":81,"column":6},"end":{"line":81,"column":22}},"type":"binary-expr","locations":[{"start":{"line":81,"column":6},"end":{"line":81,"column":14}},{"start":{"line":81,"column":18},"end":{"line":81,"column":22}}],"line":81},"7":{"loc":{"start":{"line":83,"column":2},"end":{"line":85,"column":3}},"type":"if","locations":[{"start":{"line":83,"column":2},"end":{"line":85,"column":3}},{"start":{},"end":{}}],"line":83},"8":{"loc":{"start":{"line":93,"column":2},"end":{"line":93,"column":25}},"type":"if","locations":[{"start":{"line":93,"column":2},"end":{"line":93,"column":25}},{"start":{},"end":{}}],"line":93},"9":{"loc":{"start":{"line":106,"column":2},"end":{"line":106,"column":25}},"type":"if","locations":[{"start":{"line":106,"column":2},"end":{"line":106,"column":25}},{"start":{},"end":{}}],"line":106},"10":{"loc":{"start":{"line":115,"column":2},"end":{"line":115,"column":25}},"type":"if","locations":[{"start":{"line":115,"column":2},"end":{"line":115,"column":25}},{"start":{},"end":{}}],"line":115},"11":{"loc":{"start":{"line":130,"column":2},"end":{"line":130,"column":25}},"type":"if","locations":[{"start":{"line":130,"column":2},"end":{"line":130,"column":25}},{"start":{},"end":{}}],"line":130},"12":{"loc":{"start":{"line":136,"column":21},"end":{"line":136,"column":75}},"type":"cond-expr","locations":[{"start":{"line":136,"column":52},"end":{"line":136,"column":64}},{"start":{"line":136,"column":67},"end":{"line":136,"column":75}}],"line":136},"13":{"loc":{"start":{"line":141,"column":2},"end":{"line":141,"column":25}},"type":"if","locations":[{"start":{"line":141,"column":2},"end":{"line":141,"column":25}},{"start":{},"end":{}}],"line":141},"14":{"loc":{"start":{"line":156,"column":2},"end":{"line":156,"column":41}},"type":"if","locations":[{"start":{"line":156,"column":2},"end":{"line":156,"column":41}},{"start":{},"end":{}}],"line":156},"15":{"loc":{"start":{"line":166,"column":2},"end":{"line":166,"column":25}},"type":"if","locations":[{"start":{"line":166,"column":2},"end":{"line":166,"column":25}},{"start":{},"end":{}}],"line":166}},"s":{"0":1,"1":1,"2":0,"3":1,"4":1,"5":1,"6":0,"7":1,"8":1,"9":1,"10":1,"11":0,"12":1,"13":1,"14":1,"15":1,"16":1,"17":0,"18":1,"19":2,"20":2,"21":2,"22":0,"23":2,"24":1,"25":1,"26":1,"27":0,"28":1,"29":1,"30":1,"31":0,"32":1,"33":2,"34":2,"35":1,"36":1,"37":1,"38":1,"39":0,"40":1,"41":1,"42":1,"43":0,"44":1,"45":1,"46":1,"47":0,"48":1,"49":1,"50":0},"f":{"0":1,"1":1,"2":1,"3":1,"4":1,"5":1,"6":2,"7":1,"8":2,"9":1,"10":1,"11":1,"12":1},"b":{"0":[0,1],"1":[0,1],"2":[0,1],"3":[0,1],"4":[0],"5":[0,2],"6":[2,2],"7":[1,1],"8":[0,1],"9":[0,1],"10":[1,1],"11":[0,1],"12":[1,0],"13":[0,1],"14":[0,1],"15":[0,1]},"_coverageSchema":"1a1c01bbd47fc00a2c39e90264f33305004495a9","hash":"99f2f2560f991650a17dc086a0ecbf4442bad7c9"}
}
