TN:
SF:src\database\vacationService.js
FN:4,getVacationsByEmployee
FN:15,getAllVacations
FN:29,(anonymous_2)
FN:36,getAllPendingVacations
FN:50,(anonymous_4)
FN:56,getUpcomingVacationsForEmployee
FN:71,requestVacation
FN:99,editRequestVacation
FN:110,approveVacation
FN:121,rejectVacation
FN:135,cancelVacation
FN:146,reactiveVacation
FN:160,deleteVacation
FNF:13
FNH:5
FNDA:0,getVacationsByEmployee
FNDA:0,getAllVacations
FNDA:0,(anonymous_2)
FNDA:0,getAllPendingVacations
FNDA:0,(anonymous_4)
FNDA:0,getUpcomingVacationsForEmployee
FNDA:2,requestVacation
FNDA:0,editRequestVacation
FNDA:2,approveVacation
FNDA:1,rejectVacation
FNDA:1,cancelVacation
FNDA:0,reactiveVacation
FNDA:1,deleteVacation
DA:5,0
DA:11,0
DA:12,0
DA:16,0
DA:27,0
DA:29,0
DA:37,0
DA:48,0
DA:50,0
DA:57,0
DA:58,0
DA:67,0
DA:68,0
DA:72,2
DA:75,2
DA:81,2
DA:83,2
DA:84,1
DA:87,1
DA:93,1
DA:94,1
DA:100,0
DA:106,0
DA:107,0
DA:111,2
DA:115,2
DA:116,1
DA:122,1
DA:130,1
DA:136,1
DA:137,1
DA:141,1
DA:142,1
DA:148,0
DA:156,0
DA:161,1
DA:166,1
LF:37
LH:19
BRDA:11,0,0,0
BRDA:11,0,1,0
BRDA:27,1,0,0
BRDA:27,1,1,0
BRDA:48,2,0,0
BRDA:48,2,1,0
BRDA:67,3,0,0
BRDA:67,3,1,0
BRDA:71,4,0,0
BRDA:81,5,0,0
BRDA:81,5,1,2
BRDA:81,6,0,2
BRDA:81,6,1,2
BRDA:83,7,0,1
BRDA:83,7,1,1
BRDA:93,8,0,0
BRDA:93,8,1,1
BRDA:106,9,0,0
BRDA:106,9,1,0
BRDA:115,10,0,1
BRDA:115,10,1,1
BRDA:130,11,0,0
BRDA:130,11,1,1
BRDA:136,12,0,1
BRDA:136,12,1,0
BRDA:141,13,0,0
BRDA:141,13,1,1
BRDA:156,14,0,0
BRDA:156,14,1,0
BRDA:166,15,0,0
BRDA:166,15,1,1
BRF:31
BRH:12
end_of_record
